<component name="libraryTable">
  <library name="junit-jupiter-api-5.5.2">
    <CLASSES>
      <root url="jar://$PROJECT_DIR$/../libs/junit-jupiter-api-5.5.2.jar!/" />
      <root url="jar://$PROJECT_DIR$/../libs/junit-platform-commons-1.5.2.jar!/" />
      <root url="jar://$PROJECT_DIR$/../libs/mysql-connector-java-8.0.19.jar!/" />
    </CLASSES>
    <JAVADOC />
    <SOURCES />
  </library>
</component>