<?xml version="1.0" encoding="UTF-8"?>
<testsuite name="kr.ac.jejunu.user.UserDaoTests" tests="4" skipped="0" failures="0" errors="0" timestamp="2020-05-01T08:32:47" hostname="DESKTOP-N658U2N" time="0.838">
  <properties/>
  <testcase name="delete()" classname="kr.ac.jejunu.user.UserDaoTests" time="0.637"/>
  <testcase name="insert()" classname="kr.ac.jejunu.user.UserDaoTests" time="0.082"/>
  <testcase name="update()" classname="kr.ac.jejunu.user.UserDaoTests" time="0.088"/>
  <testcase name="get()" classname="kr.ac.jejunu.user.UserDaoTests" time="0.026"/>
  <system-out><![CDATA[]]></system-out>
  <system-err><![CDATA[]]></system-err>
</testsuite>
