<?xml version="1.0" encoding="UTF-8"?>
<testsuite name="kr.ac.jejunu.user.UserDaoTests" tests="4" skipped="0" failures="0" errors="0" timestamp="2020-05-01T09:22:31" hostname="DESKTOP-N658U2N" time="0.968">
  <properties/>
  <testcase name="delete()" classname="kr.ac.jejunu.user.UserDaoTests" time="0.766"/>
  <testcase name="insert()" classname="kr.ac.jejunu.user.UserDaoTests" time="0.087"/>
  <testcase name="update()" classname="kr.ac.jejunu.user.UserDaoTests" time="0.091"/>
  <testcase name="get()" classname="kr.ac.jejunu.user.UserDaoTests" time="0.019"/>
  <system-out><![CDATA[]]></system-out>
  <system-err><![CDATA[]]></system-err>
</testsuite>
