<?xml version="1.0" encoding="UTF-8"?>
<testsuite name="kr.ac.jejunu.user.UserDaoTests" tests="4" skipped="0" failures="0" errors="0" timestamp="2020-04-24T12:26:56" hostname="DESKTOP-N658U2N" time="0.945">
  <properties/>
  <testcase name="delete()" classname="kr.ac.jejunu.user.UserDaoTests" time="0.762"/>
  <testcase name="insert()" classname="kr.ac.jejunu.user.UserDaoTests" time="0.076"/>
  <testcase name="update()" classname="kr.ac.jejunu.user.UserDaoTests" time="0.081"/>
  <testcase name="get()" classname="kr.ac.jejunu.user.UserDaoTests" time="0.021"/>
  <system-out><![CDATA[]]></system-out>
  <system-err><![CDATA[]]></system-err>
</testsuite>
